<?xml version="1.0" encoding="UTF-8"?>
<!-- Generated by org.testng.reporters.JUnitReportReporter -->
<testsuite hostname="Nikhil19" failures="0" tests="1" name="Framework_E2E.Validate_NavBar" time="1.843" errors="0" timestamp="2022-07-24T11:07:04 IST" skipped="0">
  <testcase classname="Framework_E2E.Validate_NavBar" name="navbar" time="1.843"/>
  <system-out/>
</testsuite> <!-- Framework_E2E.Validate_NavBar -->
