<?xml version="1.0" encoding="UTF-8"?>
<!-- Generated by org.testng.reporters.JUnitReportReporter -->
<testsuite hostname="Nikhil19" failures="0" tests="2" name="Framework_E2E.Homepage" time="114.553" errors="0" timestamp="2022-07-24T11:07:04 IST" skipped="0">
  <testcase classname="Framework_E2E.Homepage" name="baseNavigation" time="78.824"/>
  <system-out/>
  <testcase classname="Framework_E2E.Homepage" name="baseNavigation" time="35.729"/>
  <system-out/>
</testsuite> <!-- Framework_E2E.Homepage -->
